<?xml version="1.0" encoding="UTF-8"?>
<testsuite name="ru.stqa.pft.addressbook.tests.GroupModificationTests" tests="1" skipped="0" failures="1" errors="0" timestamp="2020-03-17T19:05:21" hostname="DESKTOP-NV4AJ9P" time="14.24">
  <properties/>
  <testcase name="testGroupModification" classname="ru.stqa.pft.addressbook.tests.GroupModificationTests" time="14.24">
    <failure message="java.lang.AssertionError: &#10;Expected: &lt;[GroupData{id='41', name='test1'}, GroupData{id='73', name='test 1'}, GroupData{id='29', name='Test1'}, GroupData{id='31', name='Test1'}, GroupData{id='75', name='test 0'}, GroupData{id='77', name='test 2'}, GroupData{id='61', name='test1'}, GroupData{id='63', name='test3'}, GroupData{id='64', name='test 0'}, GroupData{id='66', name='test 2'}, GroupData{id='59', name='test2'}, GroupData{id='68', name='test 1'}, GroupData{id='85', name='test 1'}, GroupData{id='53', name='test1'}, GroupData{id='57', name='test2'}, GroupData{id='87', name='test 0'}, GroupData{id='89', name='test 2'}, GroupData{id='51', name='test1'}, GroupData{id='78', name='test 0'}, GroupData{id='80', name='test 2'}, GroupData{id='54', name='name'}, GroupData{id='82', name='test 1'}, GroupData{id='70', name='test 1'}, GroupData{id='71', name='test1'}, GroupData{id='40', name='test2'}, GroupData{id='72', name='test 0'}, GroupData{id='74', name='test 2'}, GroupData{id='34', name='test1'}, GroupData{id='30', name='Test1'}, GroupData{id='36', name='test1'}, GroupData{id='76', name='test 1'}, GroupData{id='32', name='Test1'}, GroupData{id='62', name='test2'}, GroupData{id='65', name='test 1'}, GroupData{id='60', name='test3'}, GroupData{id='67', name='test 0'}, GroupData{id='69', name='test 2'}, GroupData{id='84', name='test 0'}, GroupData{id='86', name='test 2'}, GroupData{id='56', name='test1'}, GroupData{id='58', name='test3'}, GroupData{id='88', name='test 1'}, GroupData{id='81', name='test1'}]&gt;&#10;     but: was &lt;[GroupData{id='41', name='test2'}, GroupData{id='73', name='test 1'}, GroupData{id='29', name='Test1'}, GroupData{id='31', name='Test1'}, GroupData{id='75', name='test 0'}, GroupData{id='77', name='test 2'}, GroupData{id='61', name='test1'}, GroupData{id='63', name='test3'}, GroupData{id='64', name='test 0'}, GroupData{id='66', name='test 2'}, GroupData{id='59', name='test2'}, GroupData{id='68', name='test 1'}, GroupData{id='85', name='test 1'}, GroupData{id='53', name='test1'}, GroupData{id='57', name='test2'}, GroupData{id='87', name='test 0'}, GroupData{id='89', name='test 2'}, GroupData{id='51', name='test1'}, GroupData{id='78', name='test 0'}, GroupData{id='80', name='test 2'}, GroupData{id='54', name='name'}, GroupData{id='82', name='test 1'}, GroupData{id='70', name='test 1'}, GroupData{id='71', name='test1'}, GroupData{id='40', name='test2'}, GroupData{id='72', name='test 0'}, GroupData{id='74', name='test 2'}, GroupData{id='34', name='test1'}, GroupData{id='30', name='Test1'}, GroupData{id='36', name='test1'}, GroupData{id='76', name='test 1'}, GroupData{id='32', name='Test1'}, GroupData{id='62', name='test2'}, GroupData{id='65', name='test 1'}, GroupData{id='60', name='test3'}, GroupData{id='67', name='test 0'}, GroupData{id='69', name='test 2'}, GroupData{id='84', name='test 0'}, GroupData{id='86', name='test 2'}, GroupData{id='56', name='test1'}, GroupData{id='58', name='test3'}, GroupData{id='88', name='test 1'}, GroupData{id='81', name='test1'}]&gt;" type="java.lang.AssertionError">java.lang.AssertionError: 
Expected: &lt;[GroupData{id='41', name='test1'}, GroupData{id='73', name='test 1'}, GroupData{id='29', name='Test1'}, GroupData{id='31', name='Test1'}, GroupData{id='75', name='test 0'}, GroupData{id='77', name='test 2'}, GroupData{id='61', name='test1'}, GroupData{id='63', name='test3'}, GroupData{id='64', name='test 0'}, GroupData{id='66', name='test 2'}, GroupData{id='59', name='test2'}, GroupData{id='68', name='test 1'}, GroupData{id='85', name='test 1'}, GroupData{id='53', name='test1'}, GroupData{id='57', name='test2'}, GroupData{id='87', name='test 0'}, GroupData{id='89', name='test 2'}, GroupData{id='51', name='test1'}, GroupData{id='78', name='test 0'}, GroupData{id='80', name='test 2'}, GroupData{id='54', name='name'}, GroupData{id='82', name='test 1'}, GroupData{id='70', name='test 1'}, GroupData{id='71', name='test1'}, GroupData{id='40', name='test2'}, GroupData{id='72', name='test 0'}, GroupData{id='74', name='test 2'}, GroupData{id='34', name='test1'}, GroupData{id='30', name='Test1'}, GroupData{id='36', name='test1'}, GroupData{id='76', name='test 1'}, GroupData{id='32', name='Test1'}, GroupData{id='62', name='test2'}, GroupData{id='65', name='test 1'}, GroupData{id='60', name='test3'}, GroupData{id='67', name='test 0'}, GroupData{id='69', name='test 2'}, GroupData{id='84', name='test 0'}, GroupData{id='86', name='test 2'}, GroupData{id='56', name='test1'}, GroupData{id='58', name='test3'}, GroupData{id='88', name='test 1'}, GroupData{id='81', name='test1'}]&gt;
     but: was &lt;[GroupData{id='41', name='test2'}, GroupData{id='73', name='test 1'}, GroupData{id='29', name='Test1'}, GroupData{id='31', name='Test1'}, GroupData{id='75', name='test 0'}, GroupData{id='77', name='test 2'}, GroupData{id='61', name='test1'}, GroupData{id='63', name='test3'}, GroupData{id='64', name='test 0'}, GroupData{id='66', name='test 2'}, GroupData{id='59', name='test2'}, GroupData{id='68', name='test 1'}, GroupData{id='85', name='test 1'}, GroupData{id='53', name='test1'}, GroupData{id='57', name='test2'}, GroupData{id='87', name='test 0'}, GroupData{id='89', name='test 2'}, GroupData{id='51', name='test1'}, GroupData{id='78', name='test 0'}, GroupData{id='80', name='test 2'}, GroupData{id='54', name='name'}, GroupData{id='82', name='test 1'}, GroupData{id='70', name='test 1'}, GroupData{id='71', name='test1'}, GroupData{id='40', name='test2'}, GroupData{id='72', name='test 0'}, GroupData{id='74', name='test 2'}, GroupData{id='34', name='test1'}, GroupData{id='30', name='Test1'}, GroupData{id='36', name='test1'}, GroupData{id='76', name='test 1'}, GroupData{id='32', name='Test1'}, GroupData{id='62', name='test2'}, GroupData{id='65', name='test 1'}, GroupData{id='60', name='test3'}, GroupData{id='67', name='test 0'}, GroupData{id='69', name='test 2'}, GroupData{id='84', name='test 0'}, GroupData{id='86', name='test 2'}, GroupData{id='56', name='test1'}, GroupData{id='58', name='test3'}, GroupData{id='88', name='test 1'}, GroupData{id='81', name='test1'}]&gt;
	at org.hamcrest.MatcherAssert.assertThat(MatcherAssert.java:18)
	at org.hamcrest.MatcherAssert.assertThat(MatcherAssert.java:6)
	at ru.stqa.pft.addressbook.tests.GroupModificationTests.testGroupModification(GroupModificationTests.java:36)
	at sun.reflect.NativeMethodAccessorImpl.invoke0(Native Method)
	at sun.reflect.NativeMethodAccessorImpl.invoke(NativeMethodAccessorImpl.java:62)
	at sun.reflect.DelegatingMethodAccessorImpl.invoke(DelegatingMethodAccessorImpl.java:43)
	at java.lang.reflect.Method.invoke(Method.java:498)
	at org.testng.internal.MethodInvocationHelper.invokeMethod(MethodInvocationHelper.java:134)
	at org.testng.internal.TestInvoker.invokeMethod(TestInvoker.java:597)
	at org.testng.internal.TestInvoker.invokeTestMethod(TestInvoker.java:173)
	at org.testng.internal.MethodRunner.runInSequence(MethodRunner.java:46)
	at org.testng.internal.TestInvoker$MethodInvocationAgent.invoke(TestInvoker.java:816)
	at org.testng.internal.TestInvoker.invokeTestMethods(TestInvoker.java:146)
	at org.testng.internal.TestMethodWorker.invokeTestMethods(TestMethodWorker.java:146)
	at org.testng.internal.TestMethodWorker.run(TestMethodWorker.java:128)
	at java.util.ArrayList.forEach(ArrayList.java:1257)
	at org.testng.TestRunner.privateRun(TestRunner.java:766)
	at org.testng.TestRunner.run(TestRunner.java:587)
	at org.testng.SuiteRunner.runTest(SuiteRunner.java:384)
	at org.testng.SuiteRunner.runSequentially(SuiteRunner.java:378)
	at org.testng.SuiteRunner.privateRun(SuiteRunner.java:337)
	at org.testng.SuiteRunner.run(SuiteRunner.java:286)
	at org.testng.SuiteRunnerWorker.runSuite(SuiteRunnerWorker.java:53)
	at org.testng.SuiteRunnerWorker.run(SuiteRunnerWorker.java:96)
	at org.testng.TestNG.runSuitesSequentially(TestNG.java:1187)
	at org.testng.TestNG.runSuitesLocally(TestNG.java:1109)
	at org.testng.TestNG.runSuites(TestNG.java:1039)
	at org.testng.TestNG.run(TestNG.java:1007)
	at org.gradle.api.internal.tasks.testing.testng.TestNGTestClassProcessor.runTests(TestNGTestClassProcessor.java:141)
	at org.gradle.api.internal.tasks.testing.testng.TestNGTestClassProcessor.stop(TestNGTestClassProcessor.java:90)
	at org.gradle.api.internal.tasks.testing.SuiteTestClassProcessor.stop(SuiteTestClassProcessor.java:61)
	at sun.reflect.NativeMethodAccessorImpl.invoke0(Native Method)
	at sun.reflect.NativeMethodAccessorImpl.invoke(NativeMethodAccessorImpl.java:62)
	at sun.reflect.DelegatingMethodAccessorImpl.invoke(DelegatingMethodAccessorImpl.java:43)
	at java.lang.reflect.Method.invoke(Method.java:498)
	at org.gradle.internal.dispatch.ReflectionDispatch.dispatch(ReflectionDispatch.java:36)
	at org.gradle.internal.dispatch.ReflectionDispatch.dispatch(ReflectionDispatch.java:24)
	at org.gradle.internal.dispatch.ContextClassLoaderDispatch.dispatch(ContextClassLoaderDispatch.java:33)
	at org.gradle.internal.dispatch.ProxyDispatchAdapter$DispatchingInvocationHandler.invoke(ProxyDispatchAdapter.java:94)
	at com.sun.proxy.$Proxy2.stop(Unknown Source)
	at org.gradle.api.internal.tasks.testing.worker.TestWorker.stop(TestWorker.java:132)
	at sun.reflect.NativeMethodAccessorImpl.invoke0(Native Method)
	at sun.reflect.NativeMethodAccessorImpl.invoke(NativeMethodAccessorImpl.java:62)
	at sun.reflect.DelegatingMethodAccessorImpl.invoke(DelegatingMethodAccessorImpl.java:43)
	at java.lang.reflect.Method.invoke(Method.java:498)
	at org.gradle.internal.dispatch.ReflectionDispatch.dispatch(ReflectionDispatch.java:36)
	at org.gradle.internal.dispatch.ReflectionDispatch.dispatch(ReflectionDispatch.java:24)
	at org.gradle.internal.remote.internal.hub.MessageHubBackedObjectConnection$DispatchWrapper.dispatch(MessageHubBackedObjectConnection.java:182)
	at org.gradle.internal.remote.internal.hub.MessageHubBackedObjectConnection$DispatchWrapper.dispatch(MessageHubBackedObjectConnection.java:164)
	at org.gradle.internal.remote.internal.hub.MessageHub$Handler.run(MessageHub.java:412)
	at org.gradle.internal.concurrent.ExecutorPolicy$CatchAndRecordFailures.onExecute(ExecutorPolicy.java:64)
	at org.gradle.internal.concurrent.ManagedExecutorImpl$1.run(ManagedExecutorImpl.java:48)
	at java.util.concurrent.ThreadPoolExecutor.runWorker(ThreadPoolExecutor.java:1149)
	at java.util.concurrent.ThreadPoolExecutor$Worker.run(ThreadPoolExecutor.java:624)
	at org.gradle.internal.concurrent.ThreadFactoryImpl$ManagedThreadRunnable.run(ThreadFactoryImpl.java:56)
	at java.lang.Thread.run(Thread.java:748)
</failure>
  </testcase>
  <system-out><![CDATA[]]></system-out>
  <system-err><![CDATA[]]></system-err>
</testsuite>
